[   94251ms] [ERROR] Failed to load resource: the server responded with a status of 500 (Internal Server Error) @ http://localhost:3000/api/admin/calendar?start=2026-03-16T00:00:00+01:00&end=2026-03-23T00:00:00+01:00:0
[   94252ms] [WARNING] Failed to execute 'json' on 'Response': Unexpected end of JSON input SyntaxError: Failed to execute 'json' on 'Response': Unexpected end of JSON input
    at AdminCalendar.useCallback[fetchEvents] (http://localhost:3000/_next/static/chunks/strojcek_src_components_admin_admin-calendar_tsx_c57862cb._.js:33:42) @ http://localhost:3000/_next/static/chunks/dc81f_next_dist_3253c1c8._.js:2297
[   94281ms] [ERROR] Failed to load resource: the server responded with a status of 500 (Internal Server Error) @ http://localhost:3000/api/admin/calendar?start=2026-03-16T00:00:00+01:00&end=2026-03-23T00:00:00+01:00:0
[   94281ms] [WARNING] Failed to execute 'json' on 'Response': Unexpected end of JSON input SyntaxError: Failed to execute 'json' on 'Response': Unexpected end of JSON input
    at AdminCalendar.useCallback[fetchEvents] (http://localhost:3000/_next/static/chunks/strojcek_src_components_admin_admin-calendar_tsx_c57862cb._.js:33:42) @ http://localhost:3000/_next/static/chunks/dc81f_next_dist_3253c1c8._.js:2297
[   98793ms] [ERROR] Failed to load resource: the server responded with a status of 500 (Internal Server Error) @ http://localhost:3000/api/admin/calendar?start=2026-03-23T00:00:00+01:00&end=2026-03-30T00:00:00+02:00:0
[   98793ms] [WARNING] Failed to execute 'json' on 'Response': Unexpected end of JSON input SyntaxError: Failed to execute 'json' on 'Response': Unexpected end of JSON input
    at AdminCalendar.useCallback[fetchEvents] (http://localhost:3000/_next/static/chunks/strojcek_src_components_admin_admin-calendar_tsx_c57862cb._.js:33:42) @ http://localhost:3000/_next/static/chunks/dc81f_next_dist_3253c1c8._.js:2297
[  103697ms] [ERROR] Failed to load resource: the server responded with a status of 500 (Internal Server Error) @ http://localhost:3000/api/admin/calendar?start=2026-03-30T00:00:00+02:00&end=2026-04-06T00:00:00+02:00:0
[  103697ms] [WARNING] Failed to execute 'json' on 'Response': Unexpected end of JSON input SyntaxError: Failed to execute 'json' on 'Response': Unexpected end of JSON input
    at AdminCalendar.useCallback[fetchEvents] (http://localhost:3000/_next/static/chunks/strojcek_src_components_admin_admin-calendar_tsx_c57862cb._.js:33:42) @ http://localhost:3000/_next/static/chunks/dc81f_next_dist_3253c1c8._.js:2297
[  107158ms] [ERROR] Failed to load resource: the server responded with a status of 500 (Internal Server Error) @ http://localhost:3000/api/admin/calendar?start=2026-03-23T00:00:00+01:00&end=2026-03-30T00:00:00+02:00:0
[  107158ms] [WARNING] Failed to execute 'json' on 'Response': Unexpected end of JSON input SyntaxError: Failed to execute 'json' on 'Response': Unexpected end of JSON input
    at AdminCalendar.useCallback[fetchEvents] (http://localhost:3000/_next/static/chunks/strojcek_src_components_admin_admin-calendar_tsx_c57862cb._.js:33:42) @ http://localhost:3000/_next/static/chunks/dc81f_next_dist_3253c1c8._.js:2297
[  109036ms] [ERROR] Failed to load resource: the server responded with a status of 500 (Internal Server Error) @ http://localhost:3000/api/admin/calendar?start=2026-03-16T00:00:00+01:00&end=2026-03-23T00:00:00+01:00:0
[  109036ms] [WARNING] Failed to execute 'json' on 'Response': Unexpected end of JSON input SyntaxError: Failed to execute 'json' on 'Response': Unexpected end of JSON input
    at AdminCalendar.useCallback[fetchEvents] (http://localhost:3000/_next/static/chunks/strojcek_src_components_admin_admin-calendar_tsx_c57862cb._.js:33:42) @ http://localhost:3000/_next/static/chunks/dc81f_next_dist_3253c1c8._.js:2297
[  110904ms] [ERROR] Failed to load resource: the server responded with a status of 500 (Internal Server Error) @ http://localhost:3000/api/admin/calendar?start=2026-03-09T00:00:00+01:00&end=2026-03-16T00:00:00+01:00:0
[  110904ms] [WARNING] Failed to execute 'json' on 'Response': Unexpected end of JSON input SyntaxError: Failed to execute 'json' on 'Response': Unexpected end of JSON input
    at AdminCalendar.useCallback[fetchEvents] (http://localhost:3000/_next/static/chunks/strojcek_src_components_admin_admin-calendar_tsx_c57862cb._.js:33:42) @ http://localhost:3000/_next/static/chunks/dc81f_next_dist_3253c1c8._.js:2297
[  111535ms] [ERROR] Failed to load resource: the server responded with a status of 500 (Internal Server Error) @ http://localhost:3000/api/admin/calendar?start=2026-03-16T00:00:00+01:00&end=2026-03-23T00:00:00+01:00:0
[  111535ms] [WARNING] Failed to execute 'json' on 'Response': Unexpected end of JSON input SyntaxError: Failed to execute 'json' on 'Response': Unexpected end of JSON input
    at AdminCalendar.useCallback[fetchEvents] (http://localhost:3000/_next/static/chunks/strojcek_src_components_admin_admin-calendar_tsx_c57862cb._.js:33:42) @ http://localhost:3000/_next/static/chunks/dc81f_next_dist_3253c1c8._.js:2297
[  124502ms] [ERROR] Failed to load resource: the server responded with a status of 500 (Internal Server Error) @ http://localhost:3000/api/admin/calendar?start=2026-03-16T00:00:00+01:00&end=2026-03-23T00:00:00+01:00:0
[  124502ms] [WARNING] Failed to execute 'json' on 'Response': Unexpected end of JSON input SyntaxError: Failed to execute 'json' on 'Response': Unexpected end of JSON input
    at AdminCalendar.useCallback[fetchEvents] (http://localhost:3000/_next/static/chunks/strojcek_src_components_admin_admin-calendar_tsx_c57862cb._.js:33:42) @ http://localhost:3000/_next/static/chunks/dc81f_next_dist_3253c1c8._.js:2297
[  124523ms] [ERROR] Failed to load resource: the server responded with a status of 500 (Internal Server Error) @ http://localhost:3000/api/admin/calendar?start=2026-03-16T00:00:00+01:00&end=2026-03-23T00:00:00+01:00:0
[  124523ms] [WARNING] Failed to execute 'json' on 'Response': Unexpected end of JSON input SyntaxError: Failed to execute 'json' on 'Response': Unexpected end of JSON input
    at AdminCalendar.useCallback[fetchEvents] (http://localhost:3000/_next/static/chunks/strojcek_src_components_admin_admin-calendar_tsx_c57862cb._.js:33:42) @ http://localhost:3000/_next/static/chunks/dc81f_next_dist_3253c1c8._.js:2297
[  126414ms] [ERROR] Failed to load resource: the server responded with a status of 500 (Internal Server Error) @ http://localhost:3000/api/admin/calendar?start=2026-03-23T00:00:00+01:00&end=2026-03-30T00:00:00+02:00:0
[  126414ms] [WARNING] Failed to execute 'json' on 'Response': Unexpected end of JSON input SyntaxError: Failed to execute 'json' on 'Response': Unexpected end of JSON input
    at AdminCalendar.useCallback[fetchEvents] (http://localhost:3000/_next/static/chunks/strojcek_src_components_admin_admin-calendar_tsx_c57862cb._.js:33:42) @ http://localhost:3000/_next/static/chunks/dc81f_next_dist_3253c1c8._.js:2297
[  126795ms] [ERROR] Failed to load resource: the server responded with a status of 500 (Internal Server Error) @ http://localhost:3000/api/admin/calendar?start=2026-03-30T00:00:00+02:00&end=2026-04-06T00:00:00+02:00:0
[  126795ms] [WARNING] Failed to execute 'json' on 'Response': Unexpected end of JSON input SyntaxError: Failed to execute 'json' on 'Response': Unexpected end of JSON input
    at AdminCalendar.useCallback[fetchEvents] (http://localhost:3000/_next/static/chunks/strojcek_src_components_admin_admin-calendar_tsx_c57862cb._.js:33:42) @ http://localhost:3000/_next/static/chunks/dc81f_next_dist_3253c1c8._.js:2297
[  126977ms] [ERROR] Failed to load resource: the server responded with a status of 500 (Internal Server Error) @ http://localhost:3000/api/admin/calendar?start=2026-04-06T00:00:00+02:00&end=2026-04-13T00:00:00+02:00:0
[  126977ms] [WARNING] Failed to execute 'json' on 'Response': Unexpected end of JSON input SyntaxError: Failed to execute 'json' on 'Response': Unexpected end of JSON input
    at AdminCalendar.useCallback[fetchEvents] (http://localhost:3000/_next/static/chunks/strojcek_src_components_admin_admin-calendar_tsx_c57862cb._.js:33:42) @ http://localhost:3000/_next/static/chunks/dc81f_next_dist_3253c1c8._.js:2297
[  127181ms] [ERROR] Failed to load resource: the server responded with a status of 500 (Internal Server Error) @ http://localhost:3000/api/admin/calendar?start=2026-04-13T00:00:00+02:00&end=2026-04-20T00:00:00+02:00:0
[  127182ms] [WARNING] Failed to execute 'json' on 'Response': Unexpected end of JSON input SyntaxError: Failed to execute 'json' on 'Response': Unexpected end of JSON input
    at AdminCalendar.useCallback[fetchEvents] (http://localhost:3000/_next/static/chunks/strojcek_src_components_admin_admin-calendar_tsx_c57862cb._.js:33:42) @ http://localhost:3000/_next/static/chunks/dc81f_next_dist_3253c1c8._.js:2297
[  127386ms] [ERROR] Failed to load resource: the server responded with a status of 500 (Internal Server Error) @ http://localhost:3000/api/admin/calendar?start=2026-04-20T00:00:00+02:00&end=2026-04-27T00:00:00+02:00:0
[  127386ms] [WARNING] Failed to execute 'json' on 'Response': Unexpected end of JSON input SyntaxError: Failed to execute 'json' on 'Response': Unexpected end of JSON input
    at AdminCalendar.useCallback[fetchEvents] (http://localhost:3000/_next/static/chunks/strojcek_src_components_admin_admin-calendar_tsx_c57862cb._.js:33:42) @ http://localhost:3000/_next/static/chunks/dc81f_next_dist_3253c1c8._.js:2297
[  127592ms] [ERROR] Failed to load resource: the server responded with a status of 500 (Internal Server Error) @ http://localhost:3000/api/admin/calendar?start=2026-04-27T00:00:00+02:00&end=2026-05-04T00:00:00+02:00:0
[  127592ms] [WARNING] Failed to execute 'json' on 'Response': Unexpected end of JSON input SyntaxError: Failed to execute 'json' on 'Response': Unexpected end of JSON input
    at AdminCalendar.useCallback[fetchEvents] (http://localhost:3000/_next/static/chunks/strojcek_src_components_admin_admin-calendar_tsx_c57862cb._.js:33:42) @ http://localhost:3000/_next/static/chunks/dc81f_next_dist_3253c1c8._.js:2297
[  127812ms] [ERROR] Failed to load resource: the server responded with a status of 500 (Internal Server Error) @ http://localhost:3000/api/admin/calendar?start=2026-05-04T00:00:00+02:00&end=2026-05-11T00:00:00+02:00:0
[  127812ms] [WARNING] Failed to execute 'json' on 'Response': Unexpected end of JSON input SyntaxError: Failed to execute 'json' on 'Response': Unexpected end of JSON input
    at AdminCalendar.useCallback[fetchEvents] (http://localhost:3000/_next/static/chunks/strojcek_src_components_admin_admin-calendar_tsx_c57862cb._.js:33:42) @ http://localhost:3000/_next/static/chunks/dc81f_next_dist_3253c1c8._.js:2297
[  128039ms] [ERROR] Failed to load resource: the server responded with a status of 500 (Internal Server Error) @ http://localhost:3000/api/admin/calendar?start=2026-05-11T00:00:00+02:00&end=2026-05-18T00:00:00+02:00:0
[  128039ms] [WARNING] Failed to execute 'json' on 'Response': Unexpected end of JSON input SyntaxError: Failed to execute 'json' on 'Response': Unexpected end of JSON input
    at AdminCalendar.useCallback[fetchEvents] (http://localhost:3000/_next/static/chunks/strojcek_src_components_admin_admin-calendar_tsx_c57862cb._.js:33:42) @ http://localhost:3000/_next/static/chunks/dc81f_next_dist_3253c1c8._.js:2297
[  128533ms] [ERROR] Failed to load resource: the server responded with a status of 500 (Internal Server Error) @ http://localhost:3000/api/admin/calendar?start=2026-05-18T00:00:00+02:00&end=2026-05-25T00:00:00+02:00:0
[  128533ms] [WARNING] Failed to execute 'json' on 'Response': Unexpected end of JSON input SyntaxError: Failed to execute 'json' on 'Response': Unexpected end of JSON input
    at AdminCalendar.useCallback[fetchEvents] (http://localhost:3000/_next/static/chunks/strojcek_src_components_admin_admin-calendar_tsx_c57862cb._.js:33:42) @ http://localhost:3000/_next/static/chunks/dc81f_next_dist_3253c1c8._.js:2297
[  128752ms] [ERROR] Failed to load resource: the server responded with a status of 500 (Internal Server Error) @ http://localhost:3000/api/admin/calendar?start=2026-05-25T00:00:00+02:00&end=2026-06-01T00:00:00+02:00:0
[  128752ms] [WARNING] Failed to execute 'json' on 'Response': Unexpected end of JSON input SyntaxError: Failed to execute 'json' on 'Response': Unexpected end of JSON input
    at AdminCalendar.useCallback[fetchEvents] (http://localhost:3000/_next/static/chunks/strojcek_src_components_admin_admin-calendar_tsx_c57862cb._.js:33:42) @ http://localhost:3000/_next/static/chunks/dc81f_next_dist_3253c1c8._.js:2297
[  129501ms] [ERROR] Failed to load resource: the server responded with a status of 500 (Internal Server Error) @ http://localhost:3000/api/admin/calendar?start=2026-05-18T00:00:00+02:00&end=2026-05-25T00:00:00+02:00:0
[  129501ms] [WARNING] Failed to execute 'json' on 'Response': Unexpected end of JSON input SyntaxError: Failed to execute 'json' on 'Response': Unexpected end of JSON input
    at AdminCalendar.useCallback[fetchEvents] (http://localhost:3000/_next/static/chunks/strojcek_src_components_admin_admin-calendar_tsx_c57862cb._.js:33:42) @ http://localhost:3000/_next/static/chunks/dc81f_next_dist_3253c1c8._.js:2297
[  129956ms] [ERROR] Failed to load resource: the server responded with a status of 500 (Internal Server Error) @ http://localhost:3000/api/admin/calendar?start=2026-05-11T00:00:00+02:00&end=2026-05-18T00:00:00+02:00:0
[  129956ms] [WARNING] Failed to execute 'json' on 'Response': Unexpected end of JSON input SyntaxError: Failed to execute 'json' on 'Response': Unexpected end of JSON input
    at AdminCalendar.useCallback[fetchEvents] (http://localhost:3000/_next/static/chunks/strojcek_src_components_admin_admin-calendar_tsx_c57862cb._.js:33:42) @ http://localhost:3000/_next/static/chunks/dc81f_next_dist_3253c1c8._.js:2297
[  138436ms] [ERROR] Failed to load resource: the server responded with a status of 500 (Internal Server Error) @ http://localhost:3000/api/admin/calendar?start=2026-03-16T00:00:00+01:00&end=2026-03-23T00:00:00+01:00:0
[  138436ms] [WARNING] Failed to execute 'json' on 'Response': Unexpected end of JSON input SyntaxError: Failed to execute 'json' on 'Response': Unexpected end of JSON input
    at AdminCalendar.useCallback[fetchEvents] (http://localhost:3000/_next/static/chunks/strojcek_src_components_admin_admin-calendar_tsx_c57862cb._.js:33:42) @ http://localhost:3000/_next/static/chunks/dc81f_next_dist_3253c1c8._.js:2297
[  205957ms] [ERROR] Failed to load resource: the server responded with a status of 500 (Internal Server Error) @ http://localhost:3000/api/admin/calendar?start=2026-03-16T00:00:00+01:00&end=2026-03-23T00:00:00+01:00:0
[  205957ms] [WARNING] Failed to execute 'json' on 'Response': Unexpected end of JSON input SyntaxError: Failed to execute 'json' on 'Response': Unexpected end of JSON input
    at AdminCalendar.useCallback[fetchEvents] (http://localhost:3000/_next/static/chunks/strojcek_src_components_admin_admin-calendar_tsx_c57862cb._.js:33:42) @ http://localhost:3000/_next/static/chunks/dc81f_next_dist_3253c1c8._.js:2297
[  205979ms] [ERROR] Failed to load resource: the server responded with a status of 500 (Internal Server Error) @ http://localhost:3000/api/admin/calendar?start=2026-03-16T00:00:00+01:00&end=2026-03-23T00:00:00+01:00:0
[  205980ms] [WARNING] Failed to execute 'json' on 'Response': Unexpected end of JSON input SyntaxError: Failed to execute 'json' on 'Response': Unexpected end of JSON input
    at AdminCalendar.useCallback[fetchEvents] (http://localhost:3000/_next/static/chunks/strojcek_src_components_admin_admin-calendar_tsx_c57862cb._.js:33:42) @ http://localhost:3000/_next/static/chunks/dc81f_next_dist_3253c1c8._.js:2297
[  248527ms] [ERROR] Failed to load resource: the server responded with a status of 500 (Internal Server Error) @ http://localhost:3000/api/admin/calendar?start=2026-03-16T00:00:00+01:00&end=2026-03-23T00:00:00+01:00:0
[  248527ms] [WARNING] Failed to execute 'json' on 'Response': Unexpected end of JSON input SyntaxError: Failed to execute 'json' on 'Response': Unexpected end of JSON input
    at AdminCalendar.useCallback[fetchEvents] (http://localhost:3000/_next/static/chunks/strojcek_src_components_admin_admin-calendar_tsx_c57862cb._.js:33:42) @ http://localhost:3000/_next/static/chunks/dc81f_next_dist_3253c1c8._.js:2297
[  282376ms] [ERROR] Failed to load resource: the server responded with a status of 500 (Internal Server Error) @ http://localhost:3000/api/admin/calendar?start=2026-03-16T00:00:00+01:00&end=2026-03-23T00:00:00+01:00:0
[  282376ms] [WARNING] Failed to execute 'json' on 'Response': Unexpected end of JSON input SyntaxError: Failed to execute 'json' on 'Response': Unexpected end of JSON input
    at AdminCalendar.useCallback[fetchEvents] (http://localhost:3000/_next/static/chunks/strojcek_src_components_admin_admin-calendar_tsx_c57862cb._.js:33:42) @ http://localhost:3000/_next/static/chunks/dc81f_next_dist_3253c1c8._.js:2297
[  282398ms] [ERROR] Failed to load resource: the server responded with a status of 500 (Internal Server Error) @ http://localhost:3000/api/admin/calendar?start=2026-03-16T00:00:00+01:00&end=2026-03-23T00:00:00+01:00:0
[  282398ms] [WARNING] Failed to execute 'json' on 'Response': Unexpected end of JSON input SyntaxError: Failed to execute 'json' on 'Response': Unexpected end of JSON input
    at AdminCalendar.useCallback[fetchEvents] (http://localhost:3000/_next/static/chunks/strojcek_src_components_admin_admin-calendar_tsx_c57862cb._.js:33:42) @ http://localhost:3000/_next/static/chunks/dc81f_next_dist_3253c1c8._.js:2297
