[   47628ms] Error: Hydration failed because the server rendered HTML didn't match the client. As a result this tree will be regenerated on the client. This can happen if a SSR-ed Client Component used:

- A server/client branch `if (typeof window !== 'undefined')`.
- Variable input such as `Date.now()` or `Math.random()` which changes each time it's called.
- Date formatting in a user's locale which doesn't match the server.
- External changing data without sending a snapshot of it along with the HTML.
- Invalid HTML tag nesting.

It can also happen if the client has a browser extension installed which messes with the HTML before React loaded.

https://react.dev/link/hydration-mismatch

  ...
    <RenderFromTemplateContext>
      <ScrollAndFocusHandler segmentPath={[...]}>
        <InnerScrollAndFocusHandler segmentPath={[...]} focusAndScrollRef={{apply:false, ...}}>
          <ErrorBoundary errorComponent={undefined} errorStyles={undefined} errorScripts={undefined}>
            <LoadingBoundary name="(public)/" loading={null}>
              <HTTPAccessFallbackBoundary notFound={<SegmentViewNode>} forbidden={undefined} unauthorized={undefined}>
                <HTTPAccessFallbackErrorBoundary pathname="/book" notFound={<SegmentViewNode>} forbidden={undefined} ...>
                  <RedirectBoundary>
                    <RedirectErrorBoundary router={{...}}>
                      <InnerLayoutRouter url="/book" tree={[...]} params={{}} cacheNode={{...}} segmentPath={[...]} ...>
                        <SegmentViewNode type="layout" pagePath="/strojcek/...">
                          <SegmentTrieNode>
                          <script>
                          <script>
                          <BookingLayout>
+                           <div className="booking-theme mx-auto min-h-screen max-w-2xl px-4 py-6 sm:px-5 sm:py-8">
-                           <header className="mb-6 text-center sm:mb-8">
                      ...
          ...

    at throwOnHydrationMismatch (http://localhost:3000/_next/static/chunks/dc81f_next_dist_compiled_react-dom_36f5c88f._.js:3348:56)
    at beginWork (http://localhost:3000/_next/static/chunks/dc81f_next_dist_compiled_react-dom_36f5c88f._.js:6775:918)
    at replayBeginWork (http://localhost:3000/_next/static/chunks/dc81f_next_dist_compiled_react-dom_36f5c88f._.js:9585:156)
    at runWithFiberInDEV (http://localhost:3000/_next/static/chunks/dc81f_next_dist_compiled_react-dom_36f5c88f._.js:965:74)
    at replaySuspendedUnitOfWork (http://localhost:3000/_next/static/chunks/dc81f_next_dist_compiled_react-dom_36f5c88f._.js:9567:20)
    at renderRootConcurrent (http://localhost:3000/_next/static/chunks/dc81f_next_dist_compiled_react-dom_36f5c88f._.js:9500:141)
    at performWorkOnRoot (http://localhost:3000/_next/static/chunks/dc81f_next_dist_compiled_react-dom_36f5c88f._.js:9068:150)
    at performWorkOnRootViaSchedulerTask (http://localhost:3000/_next/static/chunks/dc81f_next_dist_compiled_react-dom_36f5c88f._.js:10230:9)
    at MessagePort.performWorkUntilDeadline (http://localhost:3000/_next/static/chunks/dc81f_next_dist_compiled_e5d07154._.js:2647:64)
